{
  "stats": {
    "suites": 1,
    "tests": 4,
    "passes": 4,
    "pending": 0,
    "failures": 0,
    "start": "2025-01-31T10:43:51.225Z",
    "end": "2025-01-31T10:43:51.242Z",
    "duration": 17,
    "testsRegistered": 4,
    "passPercent": 100,
    "pendingPercent": 0,
    "other": 0,
    "hasOther": false,
    "skipped": 0,
    "hasSkipped": false
  },
  "results": [
    {
      "uuid": "cb6cca0f-9bfb-49a9-8718-d3a543367b8d",
      "title": "",
      "fullFile": "C:\\Users\\tishba\\development\\NodejsTestint\\testfile.js",
      "file": "\\testfile.js",
      "beforeHooks": [],
      "afterHooks": [],
      "tests": [],
      "suites": [
        {
          "uuid": "704afdc2-c3c1-4d74-b357-ec37e2889dce",
          "title": "Calculator",
          "fullFile": "C:\\Users\\tishba\\development\\NodejsTestint\\testfile.js",
          "file": "\\testfile.js",
          "beforeHooks": [],
          "afterHooks": [],
          "tests": [
            {
              "title": "Should add 3 and 4 and get 7",
              "fullTitle": "Calculator Should add 3 and 4 and get 7",
              "timedOut": false,
              "duration": 0,
              "state": "passed",
              "speed": "fast",
              "pass": true,
              "fail": false,
              "pending": false,
              "context": null,
              "code": "assert.equal(calc.add(3,4),7)",
              "err": {},
              "uuid": "56e2fb9b-215c-49dd-90d4-6bbd21cc6255",
              "parentUUID": "704afdc2-c3c1-4d74-b357-ec37e2889dce",
              "isHook": false,
              "skipped": false
            },
            {
              "title": "Should substract 7 and 4 and get 3",
              "fullTitle": "Calculator Should substract 7 and 4 and get 3",
              "timedOut": false,
              "duration": 1,
              "state": "passed",
              "speed": "fast",
              "pass": true,
              "fail": false,
              "pending": false,
              "context": null,
              "code": "assert.equal(calc.substract(7,4),3)",
              "err": {},
              "uuid": "b63e6e39-6ace-4234-8250-be969a758333",
              "parentUUID": "704afdc2-c3c1-4d74-b357-ec37e2889dce",
              "isHook": false,
              "skipped": false
            },
            {
              "title": "Should Multiple 3 and 4 and get 12",
              "fullTitle": "Calculator Should Multiple 3 and 4 and get 12",
              "timedOut": false,
              "duration": 1,
              "state": "passed",
              "speed": "fast",
              "pass": true,
              "fail": false,
              "pending": false,
              "context": null,
              "code": "assert.equal(calc.multiply(3,4),12)",
              "err": {},
              "uuid": "b0c0df9a-a5ad-49b3-87a3-563b1dd2bdce",
              "parentUUID": "704afdc2-c3c1-4d74-b357-ec37e2889dce",
              "isHook": false,
              "skipped": false
            },
            {
              "title": "Should Divide 12 and 4 and get 3",
              "fullTitle": "Calculator Should Divide 12 and 4 and get 3",
              "timedOut": false,
              "duration": 0,
              "state": "passed",
              "speed": "fast",
              "pass": true,
              "fail": false,
              "pending": false,
              "context": null,
              "code": "assert.equal(calc.divide(12,4),3)",
              "err": {},
              "uuid": "fded310f-3086-4002-a0b2-8f9cae012749",
              "parentUUID": "704afdc2-c3c1-4d74-b357-ec37e2889dce",
              "isHook": false,
              "skipped": false
            }
          ],
          "suites": [],
          "passes": [
            "56e2fb9b-215c-49dd-90d4-6bbd21cc6255",
            "b63e6e39-6ace-4234-8250-be969a758333",
            "b0c0df9a-a5ad-49b3-87a3-563b1dd2bdce",
            "fded310f-3086-4002-a0b2-8f9cae012749"
          ],
          "failures": [],
          "pending": [],
          "skipped": [],
          "duration": 2,
          "root": false,
          "rootEmpty": false,
          "_timeout": 2000
        }
      ],
      "passes": [],
      "failures": [],
      "pending": [],
      "skipped": [],
      "duration": 0,
      "root": true,
      "rootEmpty": true,
      "_timeout": 2000
    }
  ],
  "meta": {
    "mocha": {
      "version": "11.1.0"
    },
    "mochawesome": {
      "options": {
        "quiet": false,
        "reportFilename": "mochawesome",
        "saveHtml": true,
        "saveJson": true,
        "consoleReporter": "spec",
        "useInlineDiffs": false,
        "code": true
      },
      "version": "7.1.3"
    },
    "marge": {
      "options": null,
      "version": "6.2.0"
    }
  }
}